2026-06-16 10:41:03.397 +02:00 [INF] Executed DbCommand (15ms) [Parameters=[], CommandType='"Text"', CommandTimeout='30']
PRAGMA journal_mode = 'wal';
2026-06-16 10:41:03.427 +02:00 [INF] Acquiring an exclusive lock for migration application. See https://aka.ms/efcore-docs-migrations-lock for more information if this takes too long.
2026-06-16 10:41:03.434 +02:00 [INF] Executed DbCommand (4ms) [Parameters=[], CommandType='"Text"', CommandTimeout='30']
SELECT COUNT(*) FROM "sqlite_master" WHERE "name" = '__EFMigrationsLock' AND "type" = 'table';
2026-06-16 10:41:03.448 +02:00 [INF] Executed DbCommand (5ms) [Parameters=[], CommandType='"Text"', CommandTimeout='30']
CREATE TABLE IF NOT EXISTS "__EFMigrationsLock" (
    "Id" INTEGER NOT NULL CONSTRAINT "PK___EFMigrationsLock" PRIMARY KEY,
    "Timestamp" TEXT NOT NULL
);
2026-06-16 10:41:03.456 +02:00 [INF] Executed DbCommand (1ms) [Parameters=[], CommandType='"Text"', CommandTimeout='30']
INSERT OR IGNORE INTO "__EFMigrationsLock"("Id", "Timestamp") VALUES(1, '2026-06-16 08:41:03.4549325+00:00');
SELECT changes();
2026-06-16 10:41:03.498 +02:00 [INF] Executed DbCommand (0ms) [Parameters=[], CommandType='"Text"', CommandTimeout='30']
CREATE TABLE IF NOT EXISTS "__EFMigrationsHistory" (
    "MigrationId" TEXT NOT NULL CONSTRAINT "PK___EFMigrationsHistory" PRIMARY KEY,
    "ProductVersion" TEXT NOT NULL
);
2026-06-16 10:41:03.508 +02:00 [INF] Executed DbCommand (0ms) [Parameters=[], CommandType='"Text"', CommandTimeout='30']
SELECT COUNT(*) FROM "sqlite_master" WHERE "name" = '__EFMigrationsHistory' AND "type" = 'table';
2026-06-16 10:41:03.512 +02:00 [INF] Executed DbCommand (0ms) [Parameters=[], CommandType='"Text"', CommandTimeout='30']
SELECT "MigrationId", "ProductVersion"
FROM "__EFMigrationsHistory"
ORDER BY "MigrationId";
2026-06-16 10:41:03.520 +02:00 [INF] Applying migration '20260616070538_InitialCreate'.
2026-06-16 10:41:03.531 +02:00 [INF] Executed DbCommand (0ms) [Parameters=[], CommandType='"Text"', CommandTimeout='30']
CREATE TABLE "AuditLogs" (
    "AuditId" TEXT NOT NULL CONSTRAINT "PK_AuditLogs" PRIMARY KEY,
    "UserId" TEXT NOT NULL,
    "UserName" TEXT NOT NULL,
    "ActionType" INTEGER NOT NULL,
    "EntityName" TEXT NULL,
    "EntityId" TEXT NULL,
    "OldValue" TEXT NULL,
    "NewValue" TEXT NULL,
    "ChangedAt" TEXT NOT NULL,
    "ChangedBy" TEXT NOT NULL,
    "IpAddress" TEXT NOT NULL,
    "IsSuccessful" INTEGER NOT NULL,
    "FailureReason" TEXT NULL
);
2026-06-16 10:41:03.532 +02:00 [INF] Executed DbCommand (0ms) [Parameters=[], CommandType='"Text"', CommandTimeout='30']
CREATE TABLE "UpdateHistory" (
    "UpdateId" TEXT NOT NULL CONSTRAINT "PK_UpdateHistory" PRIMARY KEY,
    "Version" TEXT NOT NULL,
    "AppliedAt" TEXT NOT NULL,
    "Status" INTEGER NOT NULL,
    "ChecksumSha256" TEXT NOT NULL,
    "ErrorMessage" TEXT NULL
);
2026-06-16 10:41:03.534 +02:00 [INF] Executed DbCommand (0ms) [Parameters=[], CommandType='"Text"', CommandTimeout='30']
CREATE TABLE "Users" (
    "UserId" TEXT NOT NULL CONSTRAINT "PK_Users" PRIMARY KEY,
    "Username" TEXT NOT NULL,
    "Email" TEXT NOT NULL,
    "PasswordHash" TEXT NOT NULL,
    "LastLogin" TEXT NULL,
    "IsActive" INTEGER NOT NULL,
    "CreatedAt" TEXT NOT NULL,
    "ModifiedAt" TEXT NULL
);
2026-06-16 10:41:03.535 +02:00 [INF] Executed DbCommand (0ms) [Parameters=[], CommandType='"Text"', CommandTimeout='30']
CREATE TABLE "AdminSessions" (
    "SessionId" TEXT NOT NULL CONSTRAINT "PK_AdminSessions" PRIMARY KEY,
    "UserId" TEXT NOT NULL,
    "IpAddress" TEXT NOT NULL,
    "StartTime" TEXT NOT NULL,
    "EndTime" TEXT NULL,
    "Status" INTEGER NOT NULL,
    "CloseReason" TEXT NULL,
    "CreatedAt" TEXT NOT NULL,
    CONSTRAINT "FK_AdminSessions_Users_UserId" FOREIGN KEY ("UserId") REFERENCES "Users" ("UserId") ON DELETE RESTRICT
);
2026-06-16 10:41:03.536 +02:00 [INF] Executed DbCommand (0ms) [Parameters=[], CommandType='"Text"', CommandTimeout='30']
CREATE INDEX "IX_AdminSessions_UserId_StartTime" ON "AdminSessions" ("UserId", "StartTime");
2026-06-16 10:41:03.537 +02:00 [INF] Executed DbCommand (0ms) [Parameters=[], CommandType='"Text"', CommandTimeout='30']
CREATE INDEX "IX_AuditLogs_ChangedAt" ON "AuditLogs" ("ChangedAt" DESC);
2026-06-16 10:41:03.539 +02:00 [INF] Executed DbCommand (0ms) [Parameters=[], CommandType='"Text"', CommandTimeout='30']
CREATE INDEX "IX_AuditLogs_UserId_ChangedAt" ON "AuditLogs" ("UserId", "ChangedAt");
2026-06-16 10:41:03.540 +02:00 [INF] Executed DbCommand (0ms) [Parameters=[], CommandType='"Text"', CommandTimeout='30']
CREATE INDEX "IX_UpdateHistory_AppliedAt" ON "UpdateHistory" ("AppliedAt" DESC);
2026-06-16 10:41:03.541 +02:00 [INF] Executed DbCommand (0ms) [Parameters=[], CommandType='"Text"', CommandTimeout='30']
CREATE UNIQUE INDEX "IX_Users_Email" ON "Users" ("Email");
2026-06-16 10:41:03.542 +02:00 [INF] Executed DbCommand (0ms) [Parameters=[], CommandType='"Text"', CommandTimeout='30']
CREATE UNIQUE INDEX "IX_Users_Username" ON "Users" ("Username");
2026-06-16 10:41:03.544 +02:00 [INF] Executed DbCommand (0ms) [Parameters=[], CommandType='"Text"', CommandTimeout='30']
INSERT INTO "__EFMigrationsHistory" ("MigrationId", "ProductVersion")
VALUES ('20260616070538_InitialCreate', '10.0.9');
2026-06-16 10:41:03.548 +02:00 [INF] Executed DbCommand (1ms) [Parameters=[], CommandType='"Text"', CommandTimeout='30']
DELETE FROM "__EFMigrationsLock";
2026-06-16 10:41:03.742 +02:00 [INF] Executed DbCommand (3ms) [Parameters=[@username='?' (Size = 5)], CommandType='"Text"', CommandTimeout='30']
SELECT "u"."UserId", "u"."CreatedAt", "u"."Email", "u"."IsActive", "u"."LastLogin", "u"."ModifiedAt", "u"."PasswordHash", "u"."Username"
FROM "Users" AS "u"
WHERE "u"."Username" = @username
LIMIT 1
2026-06-16 10:41:04.150 +02:00 [INF] Executed DbCommand (5ms) [Parameters=[@p0='?' (DbType = Guid), @p1='?' (DbType = DateTime), @p2='?' (Size = 18), @p3='?' (DbType = Boolean), @p4='?' (DbType = DateTime), @p5='?' (DbType = DateTime), @p6='?' (Size = 60), @p7='?' (Size = 5)], CommandType='"Text"', CommandTimeout='30']
INSERT INTO "Users" ("UserId", "CreatedAt", "Email", "IsActive", "LastLogin", "ModifiedAt", "PasswordHash", "Username")
VALUES (@p0, @p1, @p2, @p3, @p4, @p5, @p6, @p7);
2026-06-16 10:41:04.157 +02:00 [INF] Seeded default admin user
2026-06-16 10:41:04.158 +02:00 [INF] Database initialized and seeded
2026-06-16 10:41:04.220 +02:00 [INF] User profile is available. Using 'C:\Users\JoriL\AppData\Local\ASP.NET\DataProtection-Keys' as key repository and Windows DPAPI to encrypt keys at rest.
2026-06-16 10:41:04.277 +02:00 [INF] Now listening on: http://localhost:5000
2026-06-16 10:41:04.278 +02:00 [INF] Application started. Press Ctrl+C to shut down.
2026-06-16 10:41:04.278 +02:00 [INF] Hosting environment: Development
2026-06-16 10:41:04.279 +02:00 [INF] Content root path: D:\Projects\LubSoft\iAdmin\iAdmin.Server
2026-06-16 10:41:54.307 +02:00 [INF] Request starting HTTP/1.1 POST http://localhost:5000/api/auth/refresh - application/json; charset=utf-8 null
2026-06-16 10:41:54.347 +02:00 [WRN] Failed to determine the https port for redirect.
2026-06-16 10:41:54.386 +02:00 [INF] Executing endpoint 'iAdmin.Server.Controllers.AuthController.Refresh (iAdmin.Server)'
2026-06-16 10:41:54.407 +02:00 [INF] Route matched with {action = "Refresh", controller = "Auth"}. Executing controller action with signature System.Threading.Tasks.Task`1[Microsoft.AspNetCore.Mvc.ActionResult`1[iAdmin.Common.Dtos.RefreshTokenResponseDto]] Refresh(iAdmin.Common.Dtos.RefreshTokenRequestDto) on controller iAdmin.Server.Controllers.AuthController (iAdmin.Server).
2026-06-16 10:41:54.553 +02:00 [INF] Executed DbCommand (0ms) [Parameters=[@p='?' (DbType = Guid)], CommandType='"Text"', CommandTimeout='30']
SELECT "u"."UserId", "u"."CreatedAt", "u"."Email", "u"."IsActive", "u"."LastLogin", "u"."ModifiedAt", "u"."PasswordHash", "u"."Username"
FROM "Users" AS "u"
WHERE "u"."UserId" = @p
LIMIT 1
2026-06-16 10:41:54.555 +02:00 [WRN] Refresh token used by inactive user. UserId: "95c7c392-7f61-4ccb-af91-3fd4cc277ab0"
2026-06-16 10:41:54.559 +02:00 [INF] Executing UnauthorizedObjectResult, writing value of type '<>f__AnonymousType0`1[[System.String, System.Private.CoreLib, Version=10.0.0.0, Culture=neutral, PublicKeyToken=7cec85d7bea7798e]]'.
2026-06-16 10:41:54.575 +02:00 [INF] Executed action iAdmin.Server.Controllers.AuthController.Refresh (iAdmin.Server) in 161.6964ms
2026-06-16 10:41:54.576 +02:00 [INF] Executed endpoint 'iAdmin.Server.Controllers.AuthController.Refresh (iAdmin.Server)'
2026-06-16 10:41:54.581 +02:00 [INF] HTTP POST /api/auth/refresh responded 401 in 232.6304 ms
2026-06-16 10:41:54.586 +02:00 [INF] Request finished HTTP/1.1 POST http://localhost:5000/api/auth/refresh - 401 null application/json; charset=utf-8 282.9182ms
2026-06-16 10:41:59.181 +02:00 [INF] Request starting HTTP/1.1 POST http://localhost:5000/api/auth/login - application/json; charset=utf-8 null
2026-06-16 10:41:59.185 +02:00 [INF] Executing endpoint 'iAdmin.Server.Controllers.AuthController.Login (iAdmin.Server)'
2026-06-16 10:41:59.197 +02:00 [INF] Route matched with {action = "Login", controller = "Auth"}. Executing controller action with signature System.Threading.Tasks.Task`1[Microsoft.AspNetCore.Mvc.ActionResult`1[iAdmin.Common.Dtos.LoginResponseDto]] Login(iAdmin.Common.Dtos.LoginRequestDto) on controller iAdmin.Server.Controllers.AuthController (iAdmin.Server).
2026-06-16 10:41:59.251 +02:00 [INF] Executed DbCommand (0ms) [Parameters=[@username='?' (Size = 5)], CommandType='"Text"', CommandTimeout='30']
SELECT "u"."UserId", "u"."CreatedAt", "u"."Email", "u"."IsActive", "u"."LastLogin", "u"."ModifiedAt", "u"."PasswordHash", "u"."Username"
FROM "Users" AS "u"
WHERE "u"."Username" = @username
LIMIT 1
2026-06-16 10:41:59.496 +02:00 [INF] Executed DbCommand (0ms) [Parameters=[@p7='?' (DbType = Guid), @p0='?' (DbType = DateTime), @p1='?' (Size = 18), @p2='?' (DbType = Boolean), @p3='?' (DbType = DateTime), @p4='?' (DbType = DateTime), @p5='?' (Size = 60), @p6='?' (Size = 5)], CommandType='"Text"', CommandTimeout='30']
UPDATE "Users" SET "CreatedAt" = @p0, "Email" = @p1, "IsActive" = @p2, "LastLogin" = @p3, "ModifiedAt" = @p4, "PasswordHash" = @p5, "Username" = @p6
WHERE "UserId" = @p7
RETURNING 1;
2026-06-16 10:41:59.511 +02:00 [INF] User logged in successfully. UserId: "cdd9139c-760f-4b5b-b1b7-7352a11428cb", Username: admin, IP: ::1
2026-06-16 10:41:59.513 +02:00 [INF] User admin logged in successfully
2026-06-16 10:41:59.514 +02:00 [INF] Executing OkObjectResult, writing value of type 'iAdmin.Common.Dtos.LoginResponseDto'.
2026-06-16 10:41:59.519 +02:00 [INF] Executed action iAdmin.Server.Controllers.AuthController.Login (iAdmin.Server) in 319.3434ms
2026-06-16 10:41:59.520 +02:00 [INF] Executed endpoint 'iAdmin.Server.Controllers.AuthController.Login (iAdmin.Server)'
2026-06-16 10:41:59.520 +02:00 [INF] HTTP POST /api/auth/login responded 200 in 336.3282 ms
2026-06-16 10:41:59.521 +02:00 [INF] Request finished HTTP/1.1 POST http://localhost:5000/api/auth/login - 200 null application/json; charset=utf-8 340.4943ms
2026-06-16 10:51:13.074 +02:00 [INF] Request starting HTTP/1.1 POST http://localhost:5000/api/auth/login - application/json 60
2026-06-16 10:51:13.079 +02:00 [INF] Executing endpoint 'iAdmin.Server.Controllers.AuthController.Login (iAdmin.Server)'
2026-06-16 10:51:13.080 +02:00 [INF] Route matched with {action = "Login", controller = "Auth"}. Executing controller action with signature System.Threading.Tasks.Task`1[Microsoft.AspNetCore.Mvc.ActionResult`1[iAdmin.Common.Dtos.LoginResponseDto]] Login(iAdmin.Common.Dtos.LoginRequestDto) on controller iAdmin.Server.Controllers.AuthController (iAdmin.Server).
2026-06-16 10:51:13.090 +02:00 [INF] Executed DbCommand (1ms) [Parameters=[@username='?' (Size = 5)], CommandType='"Text"', CommandTimeout='30']
SELECT "u"."UserId", "u"."CreatedAt", "u"."Email", "u"."IsActive", "u"."LastLogin", "u"."ModifiedAt", "u"."PasswordHash", "u"."Username"
FROM "Users" AS "u"
WHERE "u"."Username" = @username
LIMIT 1
2026-06-16 10:51:13.322 +02:00 [INF] Executed DbCommand (0ms) [Parameters=[@p7='?' (DbType = Guid), @p0='?' (DbType = DateTime), @p1='?' (Size = 18), @p2='?' (DbType = Boolean), @p3='?' (DbType = DateTime), @p4='?' (DbType = DateTime), @p5='?' (Size = 60), @p6='?' (Size = 5)], CommandType='"Text"', CommandTimeout='30']
UPDATE "Users" SET "CreatedAt" = @p0, "Email" = @p1, "IsActive" = @p2, "LastLogin" = @p3, "ModifiedAt" = @p4, "PasswordHash" = @p5, "Username" = @p6
WHERE "UserId" = @p7
RETURNING 1;
2026-06-16 10:51:13.329 +02:00 [INF] User logged in successfully. UserId: "cdd9139c-760f-4b5b-b1b7-7352a11428cb", Username: admin, IP: ::1
2026-06-16 10:51:13.329 +02:00 [INF] User admin logged in successfully
2026-06-16 10:51:13.330 +02:00 [INF] Executing OkObjectResult, writing value of type 'iAdmin.Common.Dtos.LoginResponseDto'.
2026-06-16 10:51:13.331 +02:00 [INF] Executed action iAdmin.Server.Controllers.AuthController.Login (iAdmin.Server) in 249.3592ms
2026-06-16 10:51:13.333 +02:00 [INF] Executed endpoint 'iAdmin.Server.Controllers.AuthController.Login (iAdmin.Server)'
2026-06-16 10:51:13.333 +02:00 [INF] HTTP POST /api/auth/login responded 200 in 257.1573 ms
2026-06-16 10:51:13.334 +02:00 [INF] Request finished HTTP/1.1 POST http://localhost:5000/api/auth/login - 200 null application/json; charset=utf-8 260.3719ms
